<?xml version="1.0" encoding="UTF-8"?>
<!-- Generated by org.testng.reporters.JUnitReportReporter -->
<testsuite hostname="MacBook-Pro-de-solvd.local" failures="0" tests="4" name="org.mja123.appiumPractice.android.externalApp.DragAndDropTest" time="26.405" errors="0" timestamp="2022-10-28T15:39:12 ART" skipped="0">
  <testcase classname="org.mja123.appiumPractice.android.externalApp.DragAndDropTest" name="dragAndDropInvalidDot" time="5.999"/>
  <system-out/>
  <testcase classname="org.mja123.appiumPractice.android.externalApp.DragAndDropTest" name="dragAndDropValidDots" time="6.593"/>
  <system-out/>
  <testcase classname="org.mja123.appiumPractice.android.externalApp.DragAndDropTest" name="checkResultText" time="7.670"/>
  <system-out/>
  <testcase classname="org.mja123.appiumPractice.android.externalApp.DragAndDropTest" name="checkEmptyResultText" time="6.143"/>
  <system-out/>
</testsuite> <!-- org.mja123.appiumPractice.android.externalApp.DragAndDropTest -->
