<?xml version="1.0" encoding="UTF-8"?>
<!-- Generated by org.testng.reporters.JUnitReportReporter -->
<testsuite hostname="MacBook-Pro-de-solvd.local" failures="0" tests="2" name="org.mja123.appiumPractice.android.externalApp.ProgressBarTest" time="85.090" errors="0" timestamp="2022-10-31T13:59:40 ART" skipped="0">
  <testcase classname="org.mja123.appiumPractice.android.externalApp.ProgressBarTest" name="emptyProgressBar" time="42.507"/>
  <system-out/>
  <testcase classname="org.mja123.appiumPractice.android.externalApp.ProgressBarTest" name="fullProgressBar" time="42.583"/>
  <system-out/>
</testsuite> <!-- org.mja123.appiumPractice.android.externalApp.ProgressBarTest -->
