<?xml version="1.0" encoding="UTF-8"?>
<!-- Generated by org.testng.reporters.JUnitReportReporter -->
<testsuite hostname="MacBook-Pro-de-solvd.local" failures="0" tests="4" name="org.mja123.appiumPractice.android.externalApp.ScrollTest" time="47.894" errors="0" timestamp="2022-10-21T16:32:17 ART" skipped="0">
  <testcase classname="org.mja123.appiumPractice.android.externalApp.ScrollTest" name="searchElementScrolling" time="12.904"/>
  <system-out/>
  <testcase classname="org.mja123.appiumPractice.android.externalApp.ScrollTest" name="searchElementWithOutScroll" time="5.522"/>
  <system-out/>
  <testcase classname="org.mja123.appiumPractice.android.externalApp.ScrollTest" name="searchNonexistentElement" time="18.076"/>
  <system-out/>
  <testcase classname="org.mja123.appiumPractice.android.externalApp.ScrollTest" name="scrollWithUiScrollableToElement" time="11.392"/>
  <system-out/>
</testsuite> <!-- org.mja123.appiumPractice.android.externalApp.ScrollTest -->
